C51 COMPILER V9.57.0.0   LAZURIT_EEC_REBULID1                                              12/20/2021 16:24:50 PAGE 1   


C51 COMPILER V9.57.0.0, COMPILATION OF MODULE LAZURIT_EEC_REBULID1
OBJECT MODULE PLACED IN .\Objects\Lazurit_eeC_rebulid1.obj
COMPILER INVOKED BY: D:\keil c51\C51\BIN\C51.EXE Lazurit_eeC_rebulid1.c OPTIMIZE(8,SPEED) BROWSE DEBUG OBJECTEXTEND PRIN
                    -T(.\Listings\Lazurit_eeC_rebulid1.lst) TABS(2) OBJECT(.\Objects\Lazurit_eeC_rebulid1.obj)

line level    source

   1          #include <STC12C5A60S2.H>
   2          #include "oled.h"
   3          //#include "bmp.h"
   4          
   5          #define key1 P35
   6          #define key2 P36
   7          #define key3 P37
   8          #define buzzer P00//改这个就要一起把推挽输出口改了
   9          
  10          unsigned int time[3]={23,59,55};//存储显示时间
  11          unsigned int count[2]={0};//存储正计时时间
  12          unsigned int counter_type = 0;//正计时器是否在工作
  13          unsigned int work_type = 0;//定时器1是工作在正计时(0)还是倒计时(1)
  14          unsigned char IOtime[7]={'\0'};//存储串口更新时间
  15          unsigned char buf = '\0';
  16          unsigned int io_i = 0;
  17          double buzzer_delay = 0;
  18          
  19          #include "Lazurit_eeC_rebulid1.h"
  20          
  21          
  22          /*****定时器0中断服务程序(普通时间++)*****/
  23          void Timer0_Routine() interrupt 1
  24          {
  25   1        static unsigned int timer0 = 0;
  26   1        timer0++;
  27   1        
  28   1        //num of c means delay c ms
  29   1        if(timer0>=3610)//溢出3614次是999ms903.45us(应该没算错吧.....)
  30   1        {
  31   2          timer0 = 0;//归0
  32   2          //时间增加
  33   2          time[2]++;
  34   2          if(time[2]==60)
  35   2          {
  36   3            time[1]++;
  37   3          }
  38   2          if(time[1]==60)
  39   2          {
  40   3            time[0]++;
  41   3          }
  42   2          time[0]%=24;//避免时分秒超出范围
  43   2          time[1]%=60;
  44   2          time[2]%=60;
  45   2          //刷新显示
  46   2          oled_flash(1);//普通刷新
  47   2        }
  48   1      }
  49          
  50          /*****定时器1中断服务程序(计时时间++)*****/
  51          void Timer1_Routine() interrupt 3
  52          {
  53   1        static unsigned int timer1 = 0;
  54   1        timer1++;
C51 COMPILER V9.57.0.0   LAZURIT_EEC_REBULID1                                              12/20/2021 16:24:50 PAGE 2   

  55   1      
  56   1        //num of d means delay d ms
  57   1        if(timer1>=3610)//溢出3614次是999ms903.45us
  58   1        {
  59   2          timer1 = 0;//归0
  60   2          if(work_type == 0)//计时器
  61   2          {
  62   3            oled_flash(2);
  63   3            count[1]++;
  64   3            if(count[1]==60&&count[0]<60)//这里要避免分钟超过60
  65   3            {
  66   4              count[0]++;//时间进位
  67   4            }
  68   3            count[1]%=60;//每60就归0
  69   3          }
  70   2          else if(work_type == 1)//倒计时
  71   2          {
  72   3            //检测有没有到时间
  73   3            if(count[0]==0&&count[1]==0)
  74   3            {
  75   4              buzzer = 1;//设置蜂鸣器工作
  76   4              buzzer_delay = time[0]*3600+time[1]*60+time[2];//蜂鸣器开始工作时间单位秒
  77   4              TR1 = 0;//关掉这个硬件定时器1
  78   4            }
  79   3            else if(count[1]==0)//减少倒计时时间数组(这个必须要分钟位不为0才能这样，所以用elseif)
  80   3            {
  81   4              count[1]=59;
  82   4              count[0]--;
  83   4            }
  84   3            else
  85   3            {
  86   4              count[1]--;
  87   4            }
  88   3            //刷新显示
  89   3            oled_flash(3);
  90   3          }
  91   2        }
  92   1      }
  93          
  94          /********串行中断服务函数***********/
  95          void serial() interrupt 4
  96          {
  97   1        ES=0;   //暂时关闭串口中断
  98   1        RI=0;
  99   1        buf=SBUF; //把收到的信息从SBUF放到buf中。
 100   1      /*************对数据进行自定义操作***************/
 101   1        IOtime[io_i++]=buf;
 102   1        if(io_i == 6)
 103   1        {
 104   2          io_i = 0;
 105   2          time[0] = (IOtime[0]-'0')*10 + (IOtime[1]-'0');
 106   2          time[1] = (IOtime[2]-'0')*10 + (IOtime[3]-'0');
 107   2          time[2] = (IOtime[4]-'0')*10 + (IOtime[5]-'0');
 108   2        }
 109   1      /****************************/
 110   1        ES=1;   //重新开启串口中断
 111   1      }
 112          
 113          int main(void)
 114          { 
 115   1        //初始化OLED  
 116   1        OLED_Init();
C51 COMPILER V9.57.0.0   LAZURIT_EEC_REBULID1                                              12/20/2021 16:24:50 PAGE 3   

 117   1        OLED_Clear();
 118   1        
 119   1        OLED_ShowString(0,0,"Waiting 8266Init",16);
 120   1        OLED_ShowString(0,2,"by Lazurit",16);
 121   1        OLED_ShowCHinese(100,3,4);//图标
 122   1        OLED_ShowString(0,4,"2021.12.3",16);
 123   1        while(!P17);//等8266把p17拉高
 124   1        UartInit();//串口初始化
 125   1        while(P17);//等8266把p17拉低
 126   1      
 127   1        Timer0Init();//对定时器0初始化
 128   1        Timer1Init();//对定时器1初始化
 129   1        
 130   1        //AUXR |= 0x02;//允许使用片上拓展ram,不知道12c5a有没有
 131   1        EA = 1;//总中断开
 132   1        
 133   1        buzzer = 0;//消除上电响一声
 134   1        P0M0 = 0xff;//蜂鸣器口推挽输出
 135   1        
 136   1        oled_flash(0);
 137   1        while(1) 
 138   1        {   
 139   2          //定时器
 140   2          if (key1 == 0)
 141   2          {
 142   3            delay_ms(10);
 143   3            if (key1 == 0)
 144   3            {
 145   4              if(counter_type==0)//没有工作，现在要开始
 146   4              {
 147   5                work_type = 0;//告诉中断服务函数现在运行计时还是定时
 148   5                count[0]=0;count[1]=0;//初始化 count数组
 149   5                TR1 = 1;//定时器1启动
 150   5                counter_type = !counter_type;//刷新work_type的状态
 151   5              }
 152   4              else if(counter_type==1)//工作了，现在要停止
 153   4              {
 154   5                count[0]=0;count[1]=0;//初始化 count数组
 155   5                TR1 = 0;//定时器1关闭
 156   5                counter_type = !counter_type;//刷新work_type的状态
 157   5              }
 158   4              while(!key1);
 159   4            }
 160   3          }
 161   2          
 162   2          //倒计时器
 163   2          if (key2 == 0)
 164   2          {
 165   3            delay_ms(10);
 166   3            if (key2 == 0)
 167   3            {
 168   4              while(!key2);
 169   4              work_type = 1;
 170   4              count[0]=0;count[1]=0;//初始化 count数组
 171   4              countdown_reset();//进入设置过程
 172   4              TR1 = 1;//定时器1启动
 173   4            }
 174   3          }
 175   2          
 176   2          if((time[0]*3600+time[1]*60+time[2]) - buzzer_delay >= 6)//蜂鸣器工作6秒就停止
 177   2          {
 178   3            buzzer = 0;//关闭蜂鸣器
C51 COMPILER V9.57.0.0   LAZURIT_EEC_REBULID1                                              12/20/2021 16:24:50 PAGE 4   

 179   3            buzzer_delay = 0;
 180   3          }
 181   2          
 182   2          if (key3 == 0)
 183   2          {
 184   3            delay_ms(10);
 185   3            if (key3 == 0)
 186   3            {
 187   4              while(!key3);
 188   4              TR0 = 0;//关闭定时器0
 189   4              TR1 = 0;//关闭定时器1
 190   4              time_set();//用新的oled刷新办法，让用户设置时间
 191   4              TR0 = 1;//启用定时器0
 192   4            }
 193   3          }
 194   2          
 195   2        }
 196   1      }


MODULE INFORMATION:   STATIC OVERLAYABLE
   CODE SIZE        =   1777    ----
   CONSTANT SIZE    =     54    ----
   XDATA SIZE       =   ----    ----
   PDATA SIZE       =   ----    ----
   DATA SIZE        =     32       1
   IDATA SIZE       =   ----    ----
   BIT SIZE         =   ----    ----
END OF MODULE INFORMATION.


C51 COMPILATION COMPLETE.  0 WARNING(S),  0 ERROR(S)
